C51 COMPILER V8.12   KLAWIATURA                                                            06/13/2017 20:49:56 PAGE 1   


C51 COMPILER V8.12, COMPILATION OF MODULE KLAWIATURA
OBJECT MODULE PLACED IN klawiatura.OBJ
COMPILER INVOKED BY: C:\Keil\C51\BIN\C51.EXE klawiatura.c OMF2 BROWSE DEBUG

line level    source

   1          #include <REGX52.H>
   2          //zmienne przechowujace wcisniete klawisze
   3          long int i = 0;
   4          int tab[3] ={4,5,6};
   5          int blad = 0;
   6          int flaga = 0;
   7          int flaga2 = 0;
   8          int j;
   9          void sleep(a){
  10   1              for(i=0; i<a*500; i++);
  11   1      }
  12          void Init(void){
  13   1              RCAP2H=TH2=0xFF;  
  14   1              RCAP2L=TL2=0xDC;  
  15   1              T2CON=0x30; 
  16   1              SCON=0x40;  
  17   1              
  18   1              TR2=1;
  19   1              P3_4=1;
  20   1      }
  21          void wyslij(unsigned char znak){
  22   1              SBUF=znak;
  23   1      }
  24          void zapal_diode(){
  25   1              P0_0 = 0;
  26   1      }
  27          void zgas_diode(){
  28   1              P0_0 = 1;
  29   1      }
  30          void k1(){
  31   1              P2_3 = 0;
  32   1              P2_2 = 1;
  33   1              P2_1 = 1;
  34   1              //jeden
  35   1              if(!P2_4){
  36   2                      while(!P2_4){}
  37   2                      tab[i] = 1;
  38   2                      i++;
  39   2                      flaga2 = 1;     
  40   2              }
  41   1              //cztery
  42   1              if(!P2_5){
  43   2                      while(!P2_5){}
  44   2                      tab[i] = 4;
  45   2                      i++;
  46   2                      flaga2 = 1;
  47   2              }
  48   1              //siedem
  49   1              if(!P2_6){
  50   2                      while(!P2_6){}
  51   2                      tab[i] = 7;
  52   2                      i++;
  53   2                      flaga2 = 1;
  54   2              }
  55   1              //gwiazdka
C51 COMPILER V8.12   KLAWIATURA                                                            06/13/2017 20:49:56 PAGE 2   

  56   1              if(!P2_7){
  57   2                      while(!P2_7){}
  58   2                      tab[i] = 10;
  59   2                      i++;
  60   2              }
  61   1      }
  62          void k2(){
  63   1              P2_3 = 1;
  64   1              P2_2 = 0;
  65   1              P2_1 = 1;
  66   1              //dwa
  67   1              if(!P2_4){
  68   2                      while(!P2_4){}
  69   2                      tab[i] = 2;
  70   2                      i++;
  71   2              }
  72   1              //piec
  73   1              if(!P2_5){
  74   2                      while(!P2_5){}
  75   2                      tab[i] = 5;
  76   2                      i++;
  77   2              }
  78   1              //osiem
  79   1              if(!P2_6){
  80   2                      while(!P2_6){}
  81   2                      tab[i] = 8;
  82   2                      i++;
  83   2              }
  84   1              //zero
  85   1              if(!P2_7){
  86   2                      while(!P2_7){}
  87   2                      tab[i] = 0;
  88   2                      i++;
  89   2              }
  90   1      }
  91          void k3(){
  92   1              P2_3 = 1;
  93   1              P2_2 = 1;
  94   1              P2_1 = 0;
  95   1              //trzy
  96   1              if(!P2_4){
  97   2                      while(!P2_4){}
  98   2                      tab[i] = 3;
  99   2                      i++;
 100   2              }
 101   1              //szesc
 102   1              if(!P2_5){
 103   2                      while(!P2_5){}
 104   2                      tab[i] = 6;
 105   2                      i++;
 106   2              }
 107   1              //dziewiec
 108   1              if(!P2_6){
 109   2                      while(!P2_6){}
 110   2                      tab[i] = 9;
 111   2                      i++;
 112   2              }
 113   1              //hash
 114   1              if(!P2_7){
 115   2                      while(!P2_7){}
 116   2                      tab[i] = 11;
 117   2                      i++;
C51 COMPILER V8.12   KLAWIATURA                                                            06/13/2017 20:49:56 PAGE 3   

 118   2              }
 119   1              
 120   1      }
 121          
 122          void sprawdz(){
 123   1              if(i == 3) i = 0;
 124   1              if(tab[0] == 1 && tab[1] == 2 && tab[2] == 3){
 125   2                      zapal_diode();
 126   2                      flaga = 1;
 127   2                      blad = 0;
 128   2              }
 129   1              else if(tab[0] == 4 && tab[1] == 5 && tab[2] == 6){
 130   2                      zgas_diode();
 131   2                      flaga = 0;
 132   2                      blad = 0;
 133   2              }
 134   1              else if(tab[0] == 7 && tab[1] == 8 && tab[2] == 9){
 135   2                      wyslij(60);
 136   2                      blad = 0;
 137   2                      if(flaga == 1){
 138   3                      tab[0] = 1;
 139   3                      tab[1] = 2; 
 140   3                      tab[2] = 3;
 141   3                      }
 142   2                      else{
 143   3                      tab[0] = 4;
 144   3                      tab[1] = 5;
 145   3                      tab[2] = 6;
 146   3                      }
 147   2              }
 148   1              else if(tab[0] == 10 && tab[1] == 0 && tab[2] == 11){
 149   2                      wyslij(0);
 150   2                      blad = 0;
 151   2                      if(flaga == 1){
 152   3                      tab[0] = 1;
 153   3                      tab[1] = 2;
 154   3                      tab[2] = 3;
 155   3                      }
 156   2                      else{
 157   3                      tab[0] = 4;
 158   3                      tab[1] = 5;
 159   3                      tab[2] = 6;
 160   3                      }
 161   2              }
 162   1      
 163   1      }
 164          void main(){
 165   1              init();
*** WARNING C206 IN LINE 165 OF KLAWIATURA.C: 'init': missing function-prototype
 166   1              while(1){
 167   2                      k1();
 168   2                      k2();
 169   2                      k3();
 170   2                      sprawdz();
 171   2              }       
 172   1      
 173   1      }


MODULE INFORMATION:   STATIC OVERLAYABLE
   CODE SIZE        =    924    ----
   CONSTANT SIZE    =   ----    ----
C51 COMPILER V8.12   KLAWIATURA                                                            06/13/2017 20:49:56 PAGE 4   

   XDATA SIZE       =   ----    ----
   PDATA SIZE       =   ----    ----
   DATA SIZE        =     18       2
   IDATA SIZE       =   ----    ----
   BIT SIZE         =   ----    ----
   EDATA SIZE       =   ----    ----
   HDATA SIZE       =   ----    ----
   XDATA CONST SIZE =   ----    ----
   FAR CONST SIZE   =   ----    ----
END OF MODULE INFORMATION.


C51 COMPILATION COMPLETE.  1 WARNING(S),  0 ERROR(S)
