C51 COMPILER V8.12   SILNIKI                                                               06/13/2017 20:12:42 PAGE 1   


C51 COMPILER V8.12, COMPILATION OF MODULE SILNIKI
OBJECT MODULE PLACED IN silniki.OBJ
COMPILER INVOKED BY: C:\Keil\C51\BIN\C51.EXE silniki.c OMF2 BROWSE DEBUG

line level    source

   1          #include<REGX52.H>
   2          sbit in1 = P2^1; sbit in2 = P2^2; sbit en1 = P2^3;
   3          sbit in3 = P2^5; sbit in4 = P2^6; sbit en2 = P2^4;
   4          int wyslano = 0;
   5          int i;
   6          volatile unsigned char licznik1;
   7          volatile int liczbaobrotow1 = 0;
   8          volatile unsigned char stan;
   9          void wyslij(unsigned char znak){
  10   1              SBUF=znak;
  11   1      }
  12          void stan1(){
  13   1              in1 = 1;
  14   1              in2 = 0;
  15   1              stan = 1;
  16   1      }
  17          void stan2(){
  18   1              in1 = 0;
  19   1              in2 = 1;
  20   1              stan = 2;
  21   1      }
  22          void ISR_INT0() interrupt 0{
  23   1                 liczbaobrotow1++;
  24   1                 P3_4 = 1;
  25   1                  wyslij(liczbaobrotow1);
  26   1                 if(stan == 1 && liczbaobrotow1%16 == 0) stan2();
  27   1                 else if(stan == 2 && liczbaobrotow1%16 == 0) stan1();
  28   1                 if(liczbaobrotow1 == 32) liczbaobrotow1 = 0;
  29   1                 
  30   1      }
  31          void ISR_INT1() interrupt 2{
  32   1              P3_4 = 0;       
  33   1      }
  34          void ISR_T0() interrupt 1{
  35   1      
  36   1      }
  37          void ISR_serial(void)interrupt 4
  38          {
  39   1              if(TI==1) {TI=0;}
  40   1              if(RI==1) {
  41   2                      P1=SBUF;
  42   2                              if(P1 == 60){
  43   3                              licznik1++;
  44   3                              if(licznik1%8 == 6 || licznik1%8 == 7) en1 = 0;
  45   3                              else if(licznik1%5 == 1 || licznik1%5 == 2 ) en2 = 1;
  46   3                              else{
  47   4                                      en1 = 1;
  48   4                                      en2 = 0;
  49   4                              }
  50   3                              }
  51   2                              else if(P1 == 0){
  52   3                                      wyslij(0);
  53   3                                      P3_4 = 0;
  54   3                                      en1 = 0;
  55   3                                      en2 = 0;
C51 COMPILER V8.12   SILNIKI                                                               06/13/2017 20:12:42 PAGE 2   

  56   3                              }
  57   2                      RI=0;
  58   2              }
  59   1      
  60   1      }
  61          
  62          void Init(void)
  63          {       
  64   1              EX0 = 1; IT0 = 1;
  65   1              EX1 = 1; IT1 = 1;
  66   1              stan = 1;
  67   1              P1 = 0;
  68   1              RCAP2H=TH2=0xFF;
  69   1              RCAP2L=TL2=0xDC;
  70   1              T2CON=0x30;             
  71   1              ES=1;
  72   1              SCON=0x50;
  73   1              TR2=1;
  74   1              EA=1;
  75   1              P3_4=0;
  76   1      }
  77          
  78          void main (void)
  79          {
  80   1              Init();
  81   1              in2 = 0; en1 = 0;
  82   1              in3 = 0; en2 = 0;
  83   1              while(1)
  84   1              {
  85   2                      if(P1 == 60){
  86   3                              licznik1++;
  87   3                              if(licznik1%8 == 6 || licznik1%8 == 7) en1 = 0;
  88   3                              else if(licznik1%5 == 1 || licznik1%5 == 2 ) en2 = 1;
  89   3                              else{
  90   4                                      en1 = 1;
  91   4                                      en2 = 0;
  92   4                              }
  93   3                      }
  94   2                      else if(P1 == 0){
  95   3                              wyslij(0);
  96   3                              P3_4 = 0;
  97   3                              en1 = 0;
  98   3                              en2 = 0;
  99   3                      }
 100   2              } 
 101   1      }


MODULE INFORMATION:   STATIC OVERLAYABLE
   CODE SIZE        =    383    ----
   CONSTANT SIZE    =   ----    ----
   XDATA SIZE       =   ----    ----
   PDATA SIZE       =   ----    ----
   DATA SIZE        =      8    ----
   IDATA SIZE       =   ----    ----
   BIT SIZE         =   ----    ----
   EDATA SIZE       =   ----    ----
   HDATA SIZE       =   ----    ----
   XDATA CONST SIZE =   ----    ----
   FAR CONST SIZE   =   ----    ----
END OF MODULE INFORMATION.


C51 COMPILATION COMPLETE.  0 WARNING(S),  0 ERROR(S)
